<?xml version="1.0" encoding="UTF-8"?>
<testsuite name="com.valhalla.initial.MyProjectApplicationTests" tests="1" skipped="0" failures="0" errors="0" timestamp="2020-10-09T02:44:52" hostname="Ashoks-MBP.hitronhub.home" time="0.133">
  <properties/>
  <testcase name="contextLoads()" classname="com.valhalla.initial.MyProjectApplicationTests" time="0.133"/>
  <system-out><![CDATA[19:44:51.224 [Test worker] DEBUG org.springframework.test.context.BootstrapUtils - Instantiating CacheAwareContextLoaderDelegate from class [org.springframework.test.context.cache.DefaultCacheAwareContextLoaderDelegate]
19:44:51.238 [Test worker] DEBUG org.springframework.test.context.BootstrapUtils - Instantiating BootstrapContext using constructor [public org.springframework.test.context.support.DefaultBootstrapContext(java.lang.Class,org.springframework.test.context.CacheAwareContextLoaderDelegate)]
19:44:51.267 [Test worker] DEBUG org.springframework.test.context.BootstrapUtils - Instantiating TestContextBootstrapper for test class [com.valhalla.initial.MyProjectApplicationTests] from class [org.springframework.boot.test.context.SpringBootTestContextBootstrapper]
19:44:51.280 [Test worker] INFO org.springframework.boot.test.context.SpringBootTestContextBootstrapper - Neither @ContextConfiguration nor @ContextHierarchy found for test class [com.valhalla.initial.MyProjectApplicationTests], using SpringBootContextLoader
19:44:51.284 [Test worker] DEBUG org.springframework.test.context.support.AbstractContextLoader - Did not detect default resource location for test class [com.valhalla.initial.MyProjectApplicationTests]: class path resource [com/valhalla/initial/MyProjectApplicationTests-context.xml] does not exist
19:44:51.284 [Test worker] DEBUG org.springframework.test.context.support.AbstractContextLoader - Did not detect default resource location for test class [com.valhalla.initial.MyProjectApplicationTests]: class path resource [com/valhalla/initial/MyProjectApplicationTestsContext.groovy] does not exist
19:44:51.284 [Test worker] INFO org.springframework.test.context.support.AbstractContextLoader - Could not detect default resource locations for test class [com.valhalla.initial.MyProjectApplicationTests]: no resource found for suffixes {-context.xml, Context.groovy}.
19:44:51.285 [Test worker] INFO org.springframework.test.context.support.AnnotationConfigContextLoaderUtils - Could not detect default configuration classes for test class [com.valhalla.initial.MyProjectApplicationTests]: MyProjectApplicationTests does not declare any static, non-private, non-final, nested classes annotated with @Configuration.
19:44:51.321 [Test worker] DEBUG org.springframework.test.context.support.ActiveProfilesUtils - Could not find an 'annotation declaring class' for annotation type [org.springframework.test.context.ActiveProfiles] and class [com.valhalla.initial.MyProjectApplicationTests]
19:44:51.384 [Test worker] DEBUG org.springframework.context.annotation.ClassPathScanningCandidateComponentProvider - Identified candidate component class: file [/Users/ashokjeevan/Documents/programming/october2020/oct8/javaGithubActions/javaGithubActions/javaGithubActions/my-project/build/classes/java/main/com/valhalla/initial/MyProjectApplication.class]
19:44:51.385 [Test worker] INFO org.springframework.boot.test.context.SpringBootTestContextBootstrapper - Found @SpringBootConfiguration com.valhalla.initial.MyProjectApplication for test class com.valhalla.initial.MyProjectApplicationTests
19:44:51.477 [Test worker] DEBUG org.springframework.boot.test.context.SpringBootTestContextBootstrapper - @TestExecutionListeners is not present for class [com.valhalla.initial.MyProjectApplicationTests]: using defaults.
19:44:51.477 [Test worker] INFO org.springframework.boot.test.context.SpringBootTestContextBootstrapper - Loaded default TestExecutionListener class names from location [META-INF/spring.factories]: [org.springframework.boot.test.autoconfigure.restdocs.RestDocsTestExecutionListener, org.springframework.boot.test.autoconfigure.web.client.MockRestServiceServerResetTestExecutionListener, org.springframework.boot.test.autoconfigure.web.servlet.MockMvcPrintOnlyOnFailureTestExecutionListener, org.springframework.boot.test.autoconfigure.web.servlet.WebDriverTestExecutionListener, org.springframework.boot.test.autoconfigure.webservices.client.MockWebServiceServerTestExecutionListener, org.springframework.boot.test.mock.mockito.MockitoTestExecutionListener, org.springframework.boot.test.mock.mockito.ResetMocksTestExecutionListener, org.springframework.test.context.web.ServletTestExecutionListener, org.springframework.test.context.support.DirtiesContextBeforeModesTestExecutionListener, org.springframework.test.context.support.DependencyInjectionTestExecutionListener, org.springframework.test.context.support.DirtiesContextTestExecutionListener, org.springframework.test.context.transaction.TransactionalTestExecutionListener, org.springframework.test.context.jdbc.SqlScriptsTestExecutionListener, org.springframework.test.context.event.EventPublishingTestExecutionListener]
19:44:51.483 [Test worker] DEBUG org.springframework.boot.test.context.SpringBootTestContextBootstrapper - Skipping candidate TestExecutionListener [org.springframework.test.context.web.ServletTestExecutionListener] due to a missing dependency. Specify custom listener classes or make the default listener classes and their required dependencies available. Offending class: [javax/servlet/ServletContext]
19:44:51.485 [Test worker] DEBUG org.springframework.boot.test.context.SpringBootTestContextBootstrapper - Skipping candidate TestExecutionListener [org.springframework.test.context.transaction.TransactionalTestExecutionListener] due to a missing dependency. Specify custom listener classes or make the default listener classes and their required dependencies available. Offending class: [org/springframework/transaction/TransactionDefinition]
19:44:51.485 [Test worker] DEBUG org.springframework.boot.test.context.SpringBootTestContextBootstrapper - Skipping candidate TestExecutionListener [org.springframework.test.context.jdbc.SqlScriptsTestExecutionListener] due to a missing dependency. Specify custom listener classes or make the default listener classes and their required dependencies available. Offending class: [org/springframework/transaction/interceptor/TransactionAttribute]
19:44:51.486 [Test worker] INFO org.springframework.boot.test.context.SpringBootTestContextBootstrapper - Using TestExecutionListeners: [org.springframework.test.context.support.DirtiesContextBeforeModesTestExecutionListener@4b2cf6a, org.springframework.boot.test.mock.mockito.MockitoTestExecutionListener@3f45d5a9, org.springframework.boot.test.autoconfigure.SpringBootDependencyInjectionTestExecutionListener@1cf7221c, org.springframework.test.context.support.DirtiesContextTestExecutionListener@75fc539, org.springframework.test.context.event.EventPublishingTestExecutionListener@15048327, org.springframework.boot.test.autoconfigure.restdocs.RestDocsTestExecutionListener@4fdf4b3, org.springframework.boot.test.autoconfigure.web.client.MockRestServiceServerResetTestExecutionListener@21bfd1f2, org.springframework.boot.test.autoconfigure.web.servlet.MockMvcPrintOnlyOnFailureTestExecutionListener@58b0bef1, org.springframework.boot.test.autoconfigure.web.servlet.WebDriverTestExecutionListener@699c037b, org.springframework.boot.test.autoconfigure.webservices.client.MockWebServiceServerTestExecutionListener@22f2a97, org.springframework.boot.test.mock.mockito.ResetMocksTestExecutionListener@5d405b61]
19:44:51.489 [Test worker] DEBUG org.springframework.test.context.support.AbstractDirtiesContextTestExecutionListener - Before test class: context [DefaultTestContext@548c8226 testClass = MyProjectApplicationTests, testInstance = [null], testMethod = [null], testException = [null], mergedContextConfiguration = [MergedContextConfiguration@1c12d7ba testClass = MyProjectApplicationTests, locations = '{}', classes = '{class com.valhalla.initial.MyProjectApplication}', contextInitializerClasses = '[]', activeProfiles = '{}', propertySourceLocations = '{}', propertySourceProperties = '{org.springframework.boot.test.context.SpringBootTestContextBootstrapper=true}', contextCustomizers = set[org.springframework.boot.test.autoconfigure.properties.PropertyMappingContextCustomizer@0, org.springframework.boot.test.autoconfigure.web.servlet.WebDriverContextCustomizerFactory$Customizer@5eb5d6bc, org.springframework.boot.test.context.filter.ExcludeFilterContextCustomizer@28ff2599, org.springframework.boot.test.json.DuplicateJsonObjectContextCustomizerFactory$DuplicateJsonObjectContextCustomizer@546a4f68, org.springframework.boot.test.mock.mockito.MockitoContextCustomizer@0, org.springframework.boot.test.web.client.TestRestTemplateContextCustomizer@53d5d21c, org.springframework.boot.test.context.SpringBootTestArgs@1], contextLoader = 'org.springframework.boot.test.context.SpringBootContextLoader', parent = [null]], attributes = map[[empty]]], class annotated with @DirtiesContext [false] with mode [null].
19:44:51.498 [Test worker] DEBUG org.springframework.test.context.support.DependencyInjectionTestExecutionListener - Performing dependency injection for test context [[DefaultTestContext@548c8226 testClass = MyProjectApplicationTests, testInstance = com.valhalla.initial.MyProjectApplicationTests@612a157c, testMethod = [null], testException = [null], mergedContextConfiguration = [MergedContextConfiguration@1c12d7ba testClass = MyProjectApplicationTests, locations = '{}', classes = '{class com.valhalla.initial.MyProjectApplication}', contextInitializerClasses = '[]', activeProfiles = '{}', propertySourceLocations = '{}', propertySourceProperties = '{org.springframework.boot.test.context.SpringBootTestContextBootstrapper=true}', contextCustomizers = set[org.springframework.boot.test.autoconfigure.properties.PropertyMappingContextCustomizer@0, org.springframework.boot.test.autoconfigure.web.servlet.WebDriverContextCustomizerFactory$Customizer@5eb5d6bc, org.springframework.boot.test.context.filter.ExcludeFilterContextCustomizer@28ff2599, org.springframework.boot.test.json.DuplicateJsonObjectContextCustomizerFactory$DuplicateJsonObjectContextCustomizer@546a4f68, org.springframework.boot.test.mock.mockito.MockitoContextCustomizer@0, org.springframework.boot.test.web.client.TestRestTemplateContextCustomizer@53d5d21c, org.springframework.boot.test.context.SpringBootTestArgs@1], contextLoader = 'org.springframework.boot.test.context.SpringBootContextLoader', parent = [null]], attributes = map[[empty]]]].
19:44:51.516 [Test worker] DEBUG org.springframework.test.context.support.TestPropertySourceUtils - Adding inlined properties to environment: {spring.jmx.enabled=false, org.springframework.boot.test.context.SpringBootTestContextBootstrapper=true}

  .   ____          _            __ _ _
 /\\ / ___'_ __ _ _(_)_ __  __ _ \ \ \ \
( ( )\___ | '_ | '_| | '_ \/ _` | \ \ \ \
 \\/  ___)| |_)| | | | | || (_| |  ) ) ) )
  '  |____| .__|_| |_|_| |_\__, | / / / /
 =========|_|==============|___/=/_/_/_/
 :: Spring Boot ::        (v2.3.4.RELEASE)

2020-10-08 19:44:51.718  INFO 16441 --- [    Test worker] c.v.initial.MyProjectApplicationTests    : Starting MyProjectApplicationTests on Ashoks-MBP.hitronhub.home with PID 16441 (started by ashokjeevan in /Users/ashokjeevan/Documents/programming/october2020/oct8/javaGithubActions/javaGithubActions/javaGithubActions/my-project)
2020-10-08 19:44:51.720  INFO 16441 --- [    Test worker] c.v.initial.MyProjectApplicationTests    : No active profile set, falling back to default profiles: default
2020-10-08 19:44:52.055  INFO 16441 --- [    Test worker] c.valhalla.initial.MyProjectApplication  : Spring Boot app started
2020-10-08 19:44:52.124  INFO 16441 --- [    Test worker] c.v.initial.MyProjectApplicationTests    : Started MyProjectApplicationTests in 0.605 seconds (JVM running for 1.585)
]]></system-out>
  <system-err><![CDATA[]]></system-err>
</testsuite>
